# JRE version: OpenJDK Runtime Environment (8.0_76-b03) (build 1.8.0_76-release-b03)
# Java VM: OpenJDK 64-Bit Server VM (25.76-b03 mixed mode linux-amd64 compressed oops)
Heap:
 PSYoungGen      total 316416K, used 19774K [0x00000000e0000000, 0x00000000f4900000, 0x0000000100000000)
  eden space 295936K, 0% used [0x00000000e0000000,0x00000000e0000000,0x00000000f2100000)
  from space 20480K, 96% used [0x00000000f2100000,0x00000000f344f938,0x00000000f3500000)
  to   space 19968K, 0% used [0x00000000f3580000,0x00000000f3580000,0x00000000f4900000)
 ParOldGen       total 82432K, used 32835K [0x00000000a0000000, 0x00000000a5080000, 0x00000000e0000000)
  object space 82432K, 39% used [0x00000000a0000000,0x00000000a2010e60,0x00000000a5080000)
 Metaspace       used 57069K, capacity 58772K, committed 59008K, reserved 1099776K
  class space    used 7395K, capacity 7750K, committed 7808K, reserved 1048576K
GC Heap History (10 events):
Event: 105,602 GC heap after
Heap after GC invocations=15 (full 3):
 PSYoungGen      total 221696K, used 0K [0x00000000e0000000, 0x00000000f0280000, 0x0000000100000000)
  eden space 208384K, 0% used [0x00000000e0000000,0x00000000e0000000,0x00000000ecb80000)
  from space 13312K, 0% used [0x00000000ee080000,0x00000000ee080000,0x00000000eed80000)
  to   space 21504K, 0% used [0x00000000ecb80000,0x00000000ecb80000,0x00000000ee080000)
 ParOldGen       total 82432K, used 43381K [0x00000000a0000000, 0x00000000a5080000, 0x00000000e0000000)
  object space 82432K, 52% used [0x00000000a0000000,0x00000000a2a5d5b8,0x00000000a5080000)
 Metaspace       used 52786K, capacity 54186K, committed 54528K, reserved 1095680K
  class space    used 7019K, capacity 7325K, committed 7424K, reserved 1048576K
}
Event: 114,428 GC heap before
{Heap before GC invocations=16 (full 3):
 PSYoungGen      total 221696K, used 47219K [0x00000000e0000000, 0x00000000f0280000, 0x0000000100000000)
  eden space 208384K, 22% used [0x00000000e0000000,0x00000000e2e1cd38,0x00000000ecb80000)
  from space 13312K, 0% used [0x00000000ee080000,0x00000000ee080000,0x00000000eed80000)
  to   space 21504K, 0% used [0x00000000ecb80000,0x00000000ecb80000,0x00000000ee080000)
 ParOldGen       total 82432K, used 43381K [0x00000000a0000000, 0x00000000a5080000, 0x00000000e0000000)
  object space 82432K, 52% used [0x00000000a0000000,0x00000000a2a5d5b8,0x00000000a5080000)
 Metaspace       used 54779K, capacity 56124K, committed 56320K, reserved 1097728K
  class space    used 7247K, capacity 7560K, committed 7680K, reserved 1048576K
Event: 114,483 GC heap after
Heap after GC invocations=16 (full 3):
 PSYoungGen      total 229888K, used 2956K [0x00000000e0000000, 0x00000000f4a00000, 0x0000000100000000)
  eden space 208384K, 0% used [0x00000000e0000000,0x00000000e0000000,0x00000000ecb80000)
  from space 21504K, 13% used [0x00000000ecb80000,0x00000000ece63260,0x00000000ee080000)
  to   space 20992K, 0% used [0x00000000f3580000,0x00000000f3580000,0x00000000f4a00000)
 ParOldGen       total 82432K, used 43389K [0x00000000a0000000, 0x00000000a5080000, 0x00000000e0000000)
  object space 82432K, 52% used [0x00000000a0000000,0x00000000a2a5f5b8,0x00000000a5080000)
 Metaspace       used 54779K, capacity 56124K, committed 56320K, reserved 1097728K
  class space    used 7247K, capacity 7560K, committed 7680K, reserved 1048576K
}
Event: 114,483 GC heap before
{Heap before GC invocations=17 (full 4):
 PSYoungGen      total 229888K, used 2956K [0x00000000e0000000, 0x00000000f4a00000, 0x0000000100000000)
  eden space 208384K, 0% used [0x00000000e0000000,0x00000000e0000000,0x00000000ecb80000)
  from space 21504K, 13% used [0x00000000ecb80000,0x00000000ece63260,0x00000000ee080000)
  to   space 20992K, 0% used [0x00000000f3580000,0x00000000f3580000,0x00000000f4a00000)
 ParOldGen       total 82432K, used 43389K [0x00000000a0000000, 0x00000000a5080000, 0x00000000e0000000)
  object space 82432K, 52% used [0x00000000a0000000,0x00000000a2a5f5b8,0x00000000a5080000)
 Metaspace       used 54779K, capacity 56124K, committed 56320K, reserved 1097728K
  class space    used 7247K, capacity 7560K, committed 7680K, reserved 1048576K
Event: 115,282 GC heap after
Heap after GC invocations=17 (full 4):
 PSYoungGen      total 229888K, used 0K [0x00000000e0000000, 0x00000000f4a00000, 0x0000000100000000)
  eden space 208384K, 0% used [0x00000000e0000000,0x00000000e0000000,0x00000000ecb80000)
  from space 21504K, 0% used [0x00000000ecb80000,0x00000000ecb80000,0x00000000ee080000)
  to   space 20992K, 0% used [0x00000000f3580000,0x00000000f3580000,0x00000000f4a00000)
 ParOldGen       total 82432K, used 33053K [0x00000000a0000000, 0x00000000a5080000, 0x00000000e0000000)
  object space 82432K, 40% used [0x00000000a0000000,0x00000000a20476f8,0x00000000a5080000)
 Metaspace       used 54779K, capacity 56124K, committed 56320K, reserved 1097728K
  class space    used 7247K, capacity 7560K, committed 7680K, reserved 1048576K
}
Event: 293,447 GC heap before
{Heap before GC invocations=18 (full 4):
 PSYoungGen      total 229888K, used 149817K [0x00000000e0000000, 0x00000000f4a00000, 0x0000000100000000)
  eden space 208384K, 71% used [0x00000000e0000000,0x00000000e924e500,0x00000000ecb80000)
  from space 21504K, 0% used [0x00000000ecb80000,0x00000000ecb80000,0x00000000ee080000)
  to   space 20992K, 0% used [0x00000000f3580000,0x00000000f3580000,0x00000000f4a00000)
 ParOldGen       total 82432K, used 33053K [0x00000000a0000000, 0x00000000a5080000, 0x00000000e0000000)
  object space 82432K, 40% used [0x00000000a0000000,0x00000000a20476f8,0x00000000a5080000)
 Metaspace       used 55607K, capacity 57190K, committed 57344K, reserved 1099776K
  class space    used 7294K, capacity 7639K, committed 7680K, reserved 1048576K
Event: 293,545 GC heap after
Heap after GC invocations=18 (full 4):
 PSYoungGen      total 315904K, used 4208K [0x00000000e0000000, 0x00000000f4900000, 0x0000000100000000)
  eden space 295936K, 0% used [0x00000000e0000000,0x00000000e0000000,0x00000000f2100000)
  from space 19968K, 21% used [0x00000000f3580000,0x00000000f399c020,0x00000000f4900000)
  to   space 20480K, 0% used [0x00000000f2100000,0x00000000f2100000,0x00000000f3500000)
 ParOldGen       total 82432K, used 33061K [0x00000000a0000000, 0x00000000a5080000, 0x00000000e0000000)
  object space 82432K, 40% used [0x00000000a0000000,0x00000000a20496f8,0x00000000a5080000)
 Metaspace       used 55607K, capacity 57190K, committed 57344K, reserved 1099776K
  class space    used 7294K, capacity 7639K, committed 7680K, reserved 1048576K
}
Event: 293,545 GC heap before
{Heap before GC invocations=19 (full 5):
 PSYoungGen      total 315904K, used 4208K [0x00000000e0000000, 0x00000000f4900000, 0x0000000100000000)
  eden space 295936K, 0% used [0x00000000e0000000,0x00000000e0000000,0x00000000f2100000)
  from space 19968K, 21% used [0x00000000f3580000,0x00000000f399c020,0x00000000f4900000)
  to   space 20480K, 0% used [0x00000000f2100000,0x00000000f2100000,0x00000000f3500000)
 ParOldGen       total 82432K, used 33061K [0x00000000a0000000, 0x00000000a5080000, 0x00000000e0000000)
  object space 82432K, 40% used [0x00000000a0000000,0x00000000a20496f8,0x00000000a5080000)
 Metaspace       used 55607K, capacity 57190K, committed 57344K, reserved 1099776K
  class space    used 7294K, capacity 7639K, committed 7680K, reserved 1048576K
Event: 294,329 GC heap after
Heap after GC invocations=19 (full 5):
 PSYoungGen      total 315904K, used 0K [0x00000000e0000000, 0x00000000f4900000, 0x0000000100000000)
  eden space 295936K, 0% used [0x00000000e0000000,0x00000000e0000000,0x00000000f2100000)
  from space 19968K, 0% used [0x00000000f3580000,0x00000000f3580000,0x00000000f4900000)
  to   space 20480K, 0% used [0x00000000f2100000,0x00000000f2100000,0x00000000f3500000)
 ParOldGen       total 82432K, used 32827K [0x00000000a0000000, 0x00000000a5080000, 0x00000000e0000000)
  object space 82432K, 39% used [0x00000000a0000000,0x00000000a200ee60,0x00000000a5080000)
 Metaspace       used 55607K, capacity 57190K, committed 57344K, reserved 1099776K
  class space    used 7294K, capacity 7639K, committed 7680K, reserved 1048576K
}
Event: 377,740 GC heap before
{Heap before GC invocations=20 (full 5):
 PSYoungGen      total 315904K, used 295936K [0x00000000e0000000, 0x00000000f4900000, 0x0000000100000000)
  eden space 295936K, 100% used [0x00000000e0000000,0x00000000f2100000,0x00000000f2100000)
  from space 19968K, 0% used [0x00000000f3580000,0x00000000f3580000,0x00000000f4900000)
  to   space 20480K, 0% used [0x00000000f2100000,0x00000000f2100000,0x00000000f3500000)
 ParOldGen       total 82432K, used 32827K [0x00000000a0000000, 0x00000000a5080000, 0x00000000e0000000)
  object space 82432K, 39% used [0x00000000a0000000,0x00000000a200ee60,0x00000000a5080000)
 Metaspace       used 57069K, capacity 58772K, committed 59008K, reserved 1099776K
  class space    used 7395K, capacity 7750K, committed 7808K, reserved 1048576K

